
Traceback (most recent call last):
  File "/usr/bin/peerconnection_serverless", line 23, in main
    cmdinfer.main(app.stdout, app.stdin)
  File "/usr/lib/python3/dist-packages/cmdinfer.py", line 34, in main
    estimator_class = find_estimator_class()
  File "/usr/lib/python3/dist-packages/cmdinfer.py", line 29, in find_estimator_class
    import BandwidthEstimator
ModuleNotFoundError: No module named 'BandwidthEstimator'

Traceback (most recent call last):
  File "/usr/bin/peerconnection_serverless", line 23, in main
    cmdinfer.main(app.stdout, app.stdin)
  File "/usr/lib/python3/dist-packages/cmdinfer.py", line 34, in main
    estimator_class = find_estimator_class()
  File "/usr/lib/python3/dist-packages/cmdinfer.py", line 29, in find_estimator_class
    import BandwidthEstimator
ModuleNotFoundError: No module named 'BandwidthEstimator'

Traceback (most recent call last):
  File "/usr/bin/peerconnection_serverless", line 23, in main
    cmdinfer.main(app.stdout, app.stdin)
  File "/usr/lib/python3/dist-packages/cmdinfer.py", line 34, in main
    estimator_class = find_estimator_class()
  File "/usr/lib/python3/dist-packages/cmdinfer.py", line 29, in find_estimator_class
    import BandwidthEstimator
ModuleNotFoundError: No module named 'BandwidthEstimator'
